<?xml version="1.0" encoding="UTF-8"?>
<testsuites tests="210" failures="0" disabled="0" errors="0" time="0.579" timestamp="2026-09-20T18:06:00.547" name="AllTests">
  <testsuite name="CardTests" tests="6" failures="0" disabled="0" skipped="0" errors="0" time="0." timestamp="2026-09-20T18:06:00.547">
    <testcase name="StoresCardType" file="C:\Users\joshk\programming\risk_V1\tests\entityTests\CardTests.cpp" line="7" status="run" result="completed" time="0." timestamp="2026-09-20T18:06:00.547" classname="CardTests" />
    <testcase name="StoresTerritoryID" file="C:\Users\joshk\programming\risk_V1\tests\entityTests\CardTests.cpp" line="18" status="run" result="completed" time="0." timestamp="2026-09-20T18:06:00.547" classname="CardTests" />
    <testcase name="StoresContinentID" file="C:\Users\joshk\programming\risk_V1\tests\entityTests\CardTests.cpp" line="33" status="run" result="completed" time="0." timestamp="2026-09-20T18:06:00.547" classname="CardTests" />
    <testcase name="TerritoryCardHasTerritory" file="C:\Users\joshk\programming\risk_V1\tests\entityTests\CardTests.cpp" line="48" status="run" result="completed" time="0." timestamp="2026-09-20T18:06:00.547" classname="CardTests" />
    <testcase name="WildCardHasNoTerritory" file="C:\Users\joshk\programming\risk_V1\tests\entityTests\CardTests.cpp" line="59" status="run" result="completed" time="0." timestamp="2026-09-20T18:06:00.547" classname="CardTests" />
    <testcase name="WildCardStoresWildType" file="C:\Users\joshk\programming\risk_V1\tests\entityTests\CardTests.cpp" line="68" status="run" result="completed" time="0." timestamp="2026-09-20T18:06:00.547" classname="CardTests" />
  </testsuite>
  <testsuite name="PlayerTests" tests="14" failures="0" disabled="0" skipped="0" errors="0" time="0." timestamp="2026-09-20T18:06:00.547">
    <testcase name="StartsWithZeroTroops" file="C:\Users\joshk\programming\risk_V1\tests\entityTests\PlayerTests.cpp" line="14" status="run" result="completed" time="0." timestamp="2026-09-20T18:06:00.547" classname="PlayerTests" />
    <testcase name="StartsWithNoTerritories" file="C:\Users\joshk\programming\risk_V1\tests\entityTests\PlayerTests.cpp" line="24" status="run" result="completed" time="0." timestamp="2026-09-20T18:06:00.547" classname="PlayerTests" />
    <testcase name="StartsWithNoAllies" file="C:\Users\joshk\programming\risk_V1\tests\entityTests\PlayerTests.cpp" line="33" status="run" result="completed" time="0." timestamp="2026-09-20T18:06:00.547" classname="PlayerTests" />
    <testcase name="CanSetPlayerName" file="C:\Users\joshk\programming\risk_V1\tests\entityTests\PlayerTests.cpp" line="46" status="run" result="completed" time="0." timestamp="2026-09-20T18:06:00.547" classname="PlayerTests" />
    <testcase name="CanAddTroops" file="C:\Users\joshk\programming\risk_V1\tests\entityTests\PlayerTests.cpp" line="65" status="run" result="completed" time="0." timestamp="2026-09-20T18:06:00.547" classname="PlayerTests" />
    <testcase name="CanRemoveTroops" file="C:\Users\joshk\programming\risk_V1\tests\entityTests\PlayerTests.cpp" line="77" status="run" result="completed" time="0." timestamp="2026-09-20T18:06:00.547" classname="PlayerTests" />
    <testcase name="TroopsCannotGoNegative" file="C:\Users\joshk\programming\risk_V1\tests\entityTests\PlayerTests.cpp" line="90" status="run" result="completed" time="0." timestamp="2026-09-20T18:06:00.548" classname="PlayerTests" />
    <testcase name="CanAddTerritory" file="C:\Users\joshk\programming\risk_V1\tests\entityTests\PlayerTests.cpp" line="107" status="run" result="completed" time="0." timestamp="2026-09-20T18:06:00.548" classname="PlayerTests" />
    <testcase name="DuplicateTerritoryNotAdded" file="C:\Users\joshk\programming\risk_V1\tests\entityTests\PlayerTests.cpp" line="121" status="run" result="completed" time="0." timestamp="2026-09-20T18:06:00.548" classname="PlayerTests" />
    <testcase name="CanRemoveTerritory" file="C:\Users\joshk\programming\risk_V1\tests\entityTests\PlayerTests.cpp" line="139" status="run" result="completed" time="0." timestamp="2026-09-20T18:06:00.548" classname="PlayerTests" />
    <testcase name="CannotAllySelf" file="C:\Users\joshk\programming\risk_V1\tests\entityTests\PlayerTests.cpp" line="160" status="run" result="completed" time="0." timestamp="2026-09-20T18:06:00.548" classname="PlayerTests" />
    <testcase name="CanAddAlly" file="C:\Users\joshk\programming\risk_V1\tests\entityTests\PlayerTests.cpp" line="173" status="run" result="completed" time="0." timestamp="2026-09-20T18:06:00.548" classname="PlayerTests" />
    <testcase name="DuplicateAllyNotAdded" file="C:\Users\joshk\programming\risk_V1\tests\entityTests\PlayerTests.cpp" line="185" status="run" result="completed" time="0." timestamp="2026-09-20T18:06:00.548" classname="PlayerTests" />
    <testcase name="CanRemoveAlly" file="C:\Users\joshk\programming\risk_V1\tests\entityTests\PlayerTests.cpp" line="198" status="run" result="completed" time="0." timestamp="2026-09-20T18:06:00.548" classname="PlayerTests" />
  </testsuite>
  <testsuite name="TerritoryTests" tests="8" failures="0" disabled="0" skipped="0" errors="0" time="0." timestamp="2026-09-20T18:06:00.548">
    <testcase name="StartsWithZeroTroops" file="C:\Users\joshk\programming\risk_V1\tests\entityTests\TerritoryTests.cpp" line="12" status="run" result="completed" time="0." timestamp="2026-09-20T18:06:00.548" classname="TerritoryTests" />
    <testcase name="StoresCorrectTerritoryID" file="C:\Users\joshk\programming\risk_V1\tests\entityTests\TerritoryTests.cpp" line="23" status="run" result="completed" time="0." timestamp="2026-09-20T18:06:00.548" classname="TerritoryTests" />
    <testcase name="StoresCorrectContinentID" file="C:\Users\joshk\programming\risk_V1\tests\entityTests\TerritoryTests.cpp" line="37" status="run" result="completed" time="0." timestamp="2026-09-20T18:06:00.548" classname="TerritoryTests" />
    <testcase name="StoresAdjacentTerritories" file="C:\Users\joshk\programming\risk_V1\tests\entityTests\TerritoryTests.cpp" line="55" status="run" result="completed" time="0." timestamp="2026-09-20T18:06:00.548" classname="TerritoryTests" />
    <testcase name="CanAddTroops" file="C:\Users\joshk\programming\risk_V1\tests\entityTests\TerritoryTests.cpp" line="79" status="run" result="completed" time="0." timestamp="2026-09-20T18:06:00.548" classname="TerritoryTests" />
    <testcase name="CanRemoveTroops" file="C:\Users\joshk\programming\risk_V1\tests\entityTests\TerritoryTests.cpp" line="95" status="run" result="completed" time="0." timestamp="2026-09-20T18:06:00.548" classname="TerritoryTests" />
    <testcase name="TroopsCannotGoBelowZero" file="C:\Users\joshk\programming\risk_V1\tests\entityTests\TerritoryTests.cpp" line="112" status="run" result="completed" time="0." timestamp="2026-09-20T18:06:00.548" classname="TerritoryTests" />
    <testcase name="TerritoryCanLoseFinalTroop" file="C:\Users\joshk\programming\risk_V1\tests\entityTests\TerritoryTests.cpp" line="129" status="run" result="completed" time="0." timestamp="2026-09-20T18:06:00.548" classname="TerritoryTests" />
  </testsuite>
  <testsuite name="ContinentTests" tests="7" failures="0" disabled="0" skipped="0" errors="0" time="0." timestamp="2026-09-20T18:06:00.548">
    <testcase name="StoresCorrectContinentID" file="C:\Users\joshk\programming\risk_V1\tests\worldTests\ContinentTests.cpp" line="12" status="run" result="completed" time="0." timestamp="2026-09-20T18:06:00.548" classname="ContinentTests" />
    <testcase name="StoresCorrectControlBonus" file="C:\Users\joshk\programming\risk_V1\tests\worldTests\ContinentTests.cpp" line="27" status="run" result="completed" time="0." timestamp="2026-09-20T18:06:00.548" classname="ContinentTests" />
    <testcase name="StartsWithoutOwner" file="C:\Users\joshk\programming\risk_V1\tests\worldTests\ContinentTests.cpp" line="42" status="run" result="completed" time="0." timestamp="2026-09-20T18:06:00.548" classname="ContinentTests" />
    <testcase name="StoresTerritories" file="C:\Users\joshk\programming\risk_V1\tests\worldTests\ContinentTests.cpp" line="61" status="run" result="completed" time="0." timestamp="2026-09-20T18:06:00.548" classname="ContinentTests" />
    <testcase name="StoresBorderTerritories" file="C:\Users\joshk\programming\risk_V1\tests\worldTests\ContinentTests.cpp" line="83" status="run" result="completed" time="0." timestamp="2026-09-20T18:06:00.548" classname="ContinentTests" />
    <testcase name="OwnerCanBeAssigned" file="C:\Users\joshk\programming\risk_V1\tests\worldTests\ContinentTests.cpp" line="109" status="run" result="completed" time="0." timestamp="2026-09-20T18:06:00.548" classname="ContinentTests" />
    <testcase name="OwnerCanBeChanged" file="C:\Users\joshk\programming\risk_V1\tests\worldTests\ContinentTests.cpp" line="126" status="run" result="completed" time="0." timestamp="2026-09-20T18:06:00.548" classname="ContinentTests" />
  </testsuite>
  <testsuite name="DeckTests" tests="6" failures="0" disabled="0" skipped="0" errors="0" time="0.002" timestamp="2026-09-20T18:06:00.548">
    <testcase name="ThrowsWhenDrawingFromEmptyDeck" file="C:\Users\joshk\programming\risk_V1\tests\worldTests\DeckTests.cpp" line="7" status="run" result="completed" time="0." timestamp="2026-09-20T18:06:00.548" classname="DeckTests" />
    <testcase name="ReturnsFirstCard" file="C:\Users\joshk\programming\risk_V1\tests\worldTests\DeckTests.cpp" line="17" status="run" result="completed" time="0." timestamp="2026-09-20T18:06:00.551" classname="DeckTests" />
    <testcase name="ReturnsCardsInOrder" file="C:\Users\joshk\programming\risk_V1\tests\worldTests\DeckTests.cpp" line="35" status="run" result="completed" time="0." timestamp="2026-09-20T18:06:00.551" classname="DeckTests" />
    <testcase name="CyclesBackToFirstCard" file="C:\Users\joshk\programming\risk_V1\tests\worldTests\DeckTests.cpp" line="52" status="run" result="completed" time="0." timestamp="2026-09-20T18:06:00.551" classname="DeckTests" />
    <testcase name="AddingNewDeckResetsDrawPosition" file="C:\Users\joshk\programming\risk_V1\tests\worldTests\DeckTests.cpp" line="68" status="run" result="completed" time="0." timestamp="2026-09-20T18:06:00.551" classname="DeckTests" />
    <testcase name="ReturnedCardCanBeModified" file="C:\Users\joshk\programming\risk_V1\tests\worldTests\DeckTests.cpp" line="94" status="run" result="completed" time="0." timestamp="2026-09-20T18:06:00.551" classname="DeckTests" />
  </testsuite>
  <testsuite name="DeckLoaderTests" tests="6" failures="0" disabled="0" skipped="0" errors="0" time="0.013" timestamp="2026-09-20T18:06:00.551">
    <testcase name="CreatesDeckWithFortySixCards" file="C:\Users\joshk\programming\risk_V1\tests\worldTests\DeckLoaderTests.cpp" line="86" status="run" result="completed" time="0.001" timestamp="2026-09-20T18:06:00.551" classname="DeckLoaderTests" />
    <testcase name="CreatesFourteenOfEachTerritoryCardType" file="C:\Users\joshk\programming\risk_V1\tests\worldTests\DeckLoaderTests.cpp" line="97" status="run" result="completed" time="0." timestamp="2026-09-20T18:06:00.553" classname="DeckLoaderTests" />
    <testcase name="TerritoryCardsContainTerritoryAndContinentIDs" file="C:\Users\joshk\programming\risk_V1\tests\worldTests\DeckLoaderTests.cpp" line="137" status="run" result="completed" time="0." timestamp="2026-09-20T18:06:00.553" classname="DeckLoaderTests" />
    <testcase name="WildCardsContainNoTerritoryOrContinent" file="C:\Users\joshk\programming\risk_V1\tests\worldTests\DeckLoaderTests.cpp" line="161" status="run" result="completed" time="0." timestamp="2026-09-20T18:06:00.564" classname="DeckLoaderTests" />
    <testcase name="EveryTerritoryAppearsOnce" file="C:\Users\joshk\programming\risk_V1\tests\worldTests\DeckLoaderTests.cpp" line="185" status="run" result="completed" time="0." timestamp="2026-09-20T18:06:00.564" classname="DeckLoaderTests" />
    <testcase name="DrawingPastEndCyclesDeck" file="C:\Users\joshk\programming\risk_V1\tests\worldTests\DeckLoaderTests.cpp" line="207" status="run" result="completed" time="0." timestamp="2026-09-20T18:06:00.564" classname="DeckLoaderTests" />
  </testsuite>
  <testsuite name="MapTests" tests="6" failures="0" disabled="0" skipped="0" errors="0" time="0.015" timestamp="2026-09-20T18:06:00.564">
    <testcase name="TerritoryCanBeAdded" file="C:\Users\joshk\programming\risk_V1\tests\worldTests\MapTests.cpp" line="14" status="run" result="completed" time="0." timestamp="2026-09-20T18:06:00.564" classname="MapTests" />
    <testcase name="TerritoryLookupIndependentOfInsertionOrder" file="C:\Users\joshk\programming\risk_V1\tests\worldTests\MapTests.cpp" line="32" status="run" result="completed" time="0." timestamp="2026-09-20T18:06:00.564" classname="MapTests" />
    <testcase name="TerritoryReferenceCanBeModified" file="C:\Users\joshk\programming\risk_V1\tests\worldTests\MapTests.cpp" line="63" status="run" result="completed" time="0." timestamp="2026-09-20T18:06:00.565" classname="MapTests" />
    <testcase name="ContinentCanBeAdded" file="C:\Users\joshk\programming\risk_V1\tests\worldTests\MapTests.cpp" line="89" status="run" result="completed" time="0." timestamp="2026-09-20T18:06:00.565" classname="MapTests" />
    <testcase name="ContinentLookupIndependentOfInsertionOrder" file="C:\Users\joshk\programming\risk_V1\tests\worldTests\MapTests.cpp" line="110" status="run" result="completed" time="0." timestamp="2026-09-20T18:06:00.565" classname="MapTests" />
    <testcase name="ContinentReferenceCanBeModified" file="C:\Users\joshk\programming\risk_V1\tests\worldTests\MapTests.cpp" line="147" status="run" result="completed" time="0." timestamp="2026-09-20T18:06:00.580" classname="MapTests" />
  </testsuite>
  <testsuite name="MapLoaderTests" tests="7" failures="0" disabled="0" skipped="0" errors="0" time="0." timestamp="2026-09-20T18:06:00.580">
    <testcase name="ConvertsNorthAmerica" file="C:\Users\joshk\programming\risk_V1\tests\worldTests\MapLoaderTests.cpp" line="14" status="run" result="completed" time="0." timestamp="2026-09-20T18:06:00.580" classname="MapLoaderTests" />
    <testcase name="ConvertsEurope" file="C:\Users\joshk\programming\risk_V1\tests\worldTests\MapLoaderTests.cpp" line="22" status="run" result="completed" time="0." timestamp="2026-09-20T18:06:00.580" classname="MapLoaderTests" />
    <testcase name="UnknownContinentThrows" file="C:\Users\joshk\programming\risk_V1\tests\worldTests\MapLoaderTests.cpp" line="30" status="run" result="completed" time="0." timestamp="2026-09-20T18:06:00.580" classname="MapLoaderTests" />
    <testcase name="ConvertsBearus" file="C:\Users\joshk\programming\risk_V1\tests\worldTests\MapLoaderTests.cpp" line="42" status="run" result="completed" time="0." timestamp="2026-09-20T18:06:00.580" classname="MapLoaderTests" />
    <testcase name="ConvertsAmazonia" file="C:\Users\joshk\programming\risk_V1\tests\worldTests\MapLoaderTests.cpp" line="50" status="run" result="completed" time="0." timestamp="2026-09-20T18:06:00.580" classname="MapLoaderTests" />
    <testcase name="UnknownTerritoryThrows" file="C:\Users\joshk\programming\risk_V1\tests\worldTests\MapLoaderTests.cpp" line="58" status="run" result="completed" time="0." timestamp="2026-09-20T18:06:00.580" classname="MapLoaderTests" />
    <testcase name="MissingFileThrows" file="C:\Users\joshk\programming\risk_V1\tests\worldTests\MapLoaderTests.cpp" line="70" status="run" result="completed" time="0." timestamp="2026-09-20T18:06:00.580" classname="MapLoaderTests" />
  </testsuite>
  <testsuite name="AttackOrderTests" tests="10" failures="0" disabled="0" skipped="0" errors="0" time="0." timestamp="2026-09-20T18:06:00.582">
    <testcase name="StoresPlayerID" file="C:\Users\joshk\programming\risk_V1\tests\coreTests\orderTests\AttackOrderTests.cpp" line="11" status="run" result="completed" time="0." timestamp="2026-09-20T18:06:00.582" classname="AttackOrderTests" />
    <testcase name="StoresOrderType" file="C:\Users\joshk\programming\risk_V1\tests\coreTests\orderTests\AttackOrderTests.cpp" line="24" status="run" result="completed" time="0." timestamp="2026-09-20T18:06:00.582" classname="AttackOrderTests" />
    <testcase name="StoresAttackingTerritory" file="C:\Users\joshk\programming\risk_V1\tests\coreTests\orderTests\AttackOrderTests.cpp" line="37" status="run" result="completed" time="0." timestamp="2026-09-20T18:06:00.582" classname="AttackOrderTests" />
    <testcase name="StoresDefendingTerritory" file="C:\Users\joshk\programming\risk_V1\tests\coreTests\orderTests\AttackOrderTests.cpp" line="53" status="run" result="completed" time="0." timestamp="2026-09-20T18:06:00.582" classname="AttackOrderTests" />
    <testcase name="StoresAttackingTroopCount" file="C:\Users\joshk\programming\risk_V1\tests\coreTests\orderTests\AttackOrderTests.cpp" line="69" status="run" result="completed" time="0." timestamp="2026-09-20T18:06:00.582" classname="AttackOrderTests" />
    <testcase name="StoresDefendingTroopCount" file="C:\Users\joshk\programming\risk_V1\tests\coreTests\orderTests\AttackOrderTests.cpp" line="82" status="run" result="completed" time="0." timestamp="2026-09-20T18:06:00.582" classname="AttackOrderTests" />
    <testcase name="StartsIncomplete" file="C:\Users\joshk\programming\risk_V1\tests\coreTests\orderTests\AttackOrderTests.cpp" line="99" status="run" result="completed" time="0." timestamp="2026-09-20T18:06:00.582" classname="AttackOrderTests" />
    <testcase name="ResultStartsWithDefaultValues" file="C:\Users\joshk\programming\risk_V1\tests\coreTests\orderTests\AttackOrderTests.cpp" line="112" status="run" result="completed" time="0." timestamp="2026-09-20T18:06:00.582" classname="AttackOrderTests" />
    <testcase name="SetResultStoresAttackResult" file="C:\Users\joshk\programming\risk_V1\tests\coreTests\orderTests\AttackOrderTests.cpp" line="138" status="run" result="completed" time="0." timestamp="2026-09-20T18:06:00.583" classname="AttackOrderTests" />
    <testcase name="SetResultMarksOrderCompleted" file="C:\Users\joshk\programming\risk_V1\tests\coreTests\orderTests\AttackOrderTests.cpp" line="169" status="run" result="completed" time="0." timestamp="2026-09-20T18:06:00.583" classname="AttackOrderTests" />
  </testsuite>
  <testsuite name="CashSetOrderTests" tests="8" failures="0" disabled="0" skipped="0" errors="0" time="0.001" timestamp="2026-09-20T18:06:00.583">
    <testcase name="StoresPlayerID" file="C:\Users\joshk\programming\risk_V1\tests\coreTests\orderTests\CashSetOrderTests.cpp" line="11" status="run" result="completed" time="0." timestamp="2026-09-20T18:06:00.583" classname="CashSetOrderTests" />
    <testcase name="StoresOrderType" file="C:\Users\joshk\programming\risk_V1\tests\coreTests\orderTests\CashSetOrderTests.cpp" line="28" status="run" result="completed" time="0." timestamp="2026-09-20T18:06:00.583" classname="CashSetOrderTests" />
    <testcase name="StartsIncomplete" file="C:\Users\joshk\programming\risk_V1\tests\coreTests\orderTests\CashSetOrderTests.cpp" line="45" status="run" result="completed" time="0." timestamp="2026-09-20T18:06:00.583" classname="CashSetOrderTests" />
    <testcase name="StoresCards" file="C:\Users\joshk\programming\risk_V1\tests\coreTests\orderTests\CashSetOrderTests.cpp" line="66" status="run" result="completed" time="0." timestamp="2026-09-20T18:06:00.583" classname="CashSetOrderTests" />
    <testcase name="InfantrySetHasValueEight" file="C:\Users\joshk\programming\risk_V1\tests\coreTests\orderTests\CashSetOrderTests.cpp" line="104" status="run" result="completed" time="0." timestamp="2026-09-20T18:06:00.583" classname="CashSetOrderTests" />
    <testcase name="CavalrySetHasValueTen" file="C:\Users\joshk\programming\risk_V1\tests\coreTests\orderTests\CashSetOrderTests.cpp" line="121" status="run" result="completed" time="0." timestamp="2026-09-20T18:06:00.583" classname="CashSetOrderTests" />
    <testcase name="ArtillerySetHasValueTwelve" file="C:\Users\joshk\programming\risk_V1\tests\coreTests\orderTests\CashSetOrderTests.cpp" line="138" status="run" result="completed" time="0." timestamp="2026-09-20T18:06:00.583" classname="CashSetOrderTests" />
    <testcase name="MixedSetHasValueFourteen" file="C:\Users\joshk\programming\risk_V1\tests\coreTests\orderTests\CashSetOrderTests.cpp" line="155" status="run" result="completed" time="0." timestamp="2026-09-20T18:06:00.584" classname="CashSetOrderTests" />
  </testsuite>
  <testsuite name="FortifyOrderTests" tests="6" failures="0" disabled="0" skipped="0" errors="0" time="0." timestamp="2026-09-20T18:06:00.584">
    <testcase name="StoresPlayerID" file="C:\Users\joshk\programming\risk_V1\tests\coreTests\orderTests\FortifyOrderTests.cpp" line="11" status="run" result="completed" time="0." timestamp="2026-09-20T18:06:00.584" classname="FortifyOrderTests" />
    <testcase name="StoresOrderType" file="C:\Users\joshk\programming\risk_V1\tests\coreTests\orderTests\FortifyOrderTests.cpp" line="23" status="run" result="completed" time="0." timestamp="2026-09-20T18:06:00.584" classname="FortifyOrderTests" />
    <testcase name="StartsIncomplete" file="C:\Users\joshk\programming\risk_V1\tests\coreTests\orderTests\FortifyOrderTests.cpp" line="35" status="run" result="completed" time="0." timestamp="2026-09-20T18:06:00.584" classname="FortifyOrderTests" />
    <testcase name="StoresFromTerritory" file="C:\Users\joshk\programming\risk_V1\tests\coreTests\orderTests\FortifyOrderTests.cpp" line="51" status="run" result="completed" time="0." timestamp="2026-09-20T18:06:00.584" classname="FortifyOrderTests" />
    <testcase name="StoresToTerritory" file="C:\Users\joshk\programming\risk_V1\tests\coreTests\orderTests\FortifyOrderTests.cpp" line="66" status="run" result="completed" time="0." timestamp="2026-09-20T18:06:00.584" classname="FortifyOrderTests" />
    <testcase name="StoresFortifyTroopCount" file="C:\Users\joshk\programming\risk_V1\tests\coreTests\orderTests\FortifyOrderTests.cpp" line="81" status="run" result="completed" time="0." timestamp="2026-09-20T18:06:00.584" classname="FortifyOrderTests" />
  </testsuite>
  <testsuite name="ReinforceOrderTests" tests="5" failures="0" disabled="0" skipped="0" errors="0" time="0." timestamp="2026-09-20T18:06:00.585">
    <testcase name="StoresPlayerID" file="C:\Users\joshk\programming\risk_V1\tests\coreTests\orderTests\ReinforceOrderTests.cpp" line="11" status="run" result="completed" time="0." timestamp="2026-09-20T18:06:00.585" classname="ReinforceOrderTests" />
    <testcase name="StoresOrderType" file="C:\Users\joshk\programming\risk_V1\tests\coreTests\orderTests\ReinforceOrderTests.cpp" line="22" status="run" result="completed" time="0." timestamp="2026-09-20T18:06:00.585" classname="ReinforceOrderTests" />
    <testcase name="StartsIncomplete" file="C:\Users\joshk\programming\risk_V1\tests\coreTests\orderTests\ReinforceOrderTests.cpp" line="33" status="run" result="completed" time="0." timestamp="2026-09-20T18:06:00.585" classname="ReinforceOrderTests" />
    <testcase name="StoresTerritoryID" file="C:\Users\joshk\programming\risk_V1\tests\coreTests\orderTests\ReinforceOrderTests.cpp" line="48" status="run" result="completed" time="0." timestamp="2026-09-20T18:06:00.585" classname="ReinforceOrderTests" />
    <testcase name="StoresReinforceTroopCount" file="C:\Users\joshk\programming\risk_V1\tests\coreTests\orderTests\ReinforceOrderTests.cpp" line="62" status="run" result="completed" time="0." timestamp="2026-09-20T18:06:00.586" classname="ReinforceOrderTests" />
  </testsuite>
  <testsuite name="RollDiceOrderTests" tests="8" failures="0" disabled="0" skipped="0" errors="0" time="0.001" timestamp="2026-09-20T18:06:00.586">
    <testcase name="StoresPlayerID" file="C:\Users\joshk\programming\risk_V1\tests\coreTests\orderTests\RollDiceOrderTests.cpp" line="11" status="run" result="completed" time="0." timestamp="2026-09-20T18:06:00.586" classname="RollDiceOrderTests" />
    <testcase name="StoresOrderType" file="C:\Users\joshk\programming\risk_V1\tests\coreTests\orderTests\RollDiceOrderTests.cpp" line="18" status="run" result="completed" time="0." timestamp="2026-09-20T18:06:00.586" classname="RollDiceOrderTests" />
    <testcase name="StartsIncomplete" file="C:\Users\joshk\programming\risk_V1\tests\coreTests\orderTests\RollDiceOrderTests.cpp" line="25" status="run" result="completed" time="0." timestamp="2026-09-20T18:06:00.586" classname="RollDiceOrderTests" />
    <testcase name="GeneratesCorrectNumberOfAttackingDice" file="C:\Users\joshk\programming\risk_V1\tests\coreTests\orderTests\RollDiceOrderTests.cpp" line="36" status="run" result="completed" time="0." timestamp="2026-09-20T18:06:00.587" classname="RollDiceOrderTests" />
    <testcase name="GeneratesCorrectNumberOfDefendingDice" file="C:\Users\joshk\programming\risk_V1\tests\coreTests\orderTests\RollDiceOrderTests.cpp" line="43" status="run" result="completed" time="0." timestamp="2026-09-20T18:06:00.587" classname="RollDiceOrderTests" />
    <testcase name="AttackingDiceValuesAreValid" file="C:\Users\joshk\programming\risk_V1\tests\coreTests\orderTests\RollDiceOrderTests.cpp" line="50" status="run" result="completed" time="0." timestamp="2026-09-20T18:06:00.587" classname="RollDiceOrderTests" />
    <testcase name="DefendingDiceValuesAreValid" file="C:\Users\joshk\programming\risk_V1\tests\coreTests\orderTests\RollDiceOrderTests.cpp" line="61" status="run" result="completed" time="0." timestamp="2026-09-20T18:06:00.587" classname="RollDiceOrderTests" />
    <testcase name="CanGenerateZeroDice" file="C:\Users\joshk\programming\risk_V1\tests\coreTests\orderTests\RollDiceOrderTests.cpp" line="72" status="run" result="completed" time="0." timestamp="2026-09-20T18:06:00.587" classname="RollDiceOrderTests" />
  </testsuite>
  <testsuite name="MoveTroopsOrderTests" tests="6" failures="0" disabled="0" skipped="0" errors="0" time="0.001" timestamp="2026-09-20T18:06:00.587">
    <testcase name="StoresPlayerID" file="C:\Users\joshk\programming\risk_V1\tests\coreTests\orderTests\MoveTroopsOrderTests.cpp" line="11" status="run" result="completed" time="0." timestamp="2026-09-20T18:06:00.587" classname="MoveTroopsOrderTests" />
    <testcase name="StoresOrderType" file="C:\Users\joshk\programming\risk_V1\tests\coreTests\orderTests\MoveTroopsOrderTests.cpp" line="23" status="run" result="completed" time="0." timestamp="2026-09-20T18:06:00.587" classname="MoveTroopsOrderTests" />
    <testcase name="StartsIncomplete" file="C:\Users\joshk\programming\risk_V1\tests\coreTests\orderTests\MoveTroopsOrderTests.cpp" line="35" status="run" result="completed" time="0." timestamp="2026-09-20T18:06:00.587" classname="MoveTroopsOrderTests" />
    <testcase name="StoresFromTerritory" file="C:\Users\joshk\programming\risk_V1\tests\coreTests\orderTests\MoveTroopsOrderTests.cpp" line="51" status="run" result="completed" time="0." timestamp="2026-09-20T18:06:00.589" classname="MoveTroopsOrderTests" />
    <testcase name="StoresToTerritory" file="C:\Users\joshk\programming\risk_V1\tests\coreTests\orderTests\MoveTroopsOrderTests.cpp" line="66" status="run" result="completed" time="0." timestamp="2026-09-20T18:06:00.589" classname="MoveTroopsOrderTests" />
    <testcase name="StoresTroopsMoved" file="C:\Users\joshk\programming\risk_V1\tests\coreTests\orderTests\MoveTroopsOrderTests.cpp" line="81" status="run" result="completed" time="0." timestamp="2026-09-20T18:06:00.589" classname="MoveTroopsOrderTests" />
  </testsuite>
  <testsuite name="GameStateManagerTests" tests="15" failures="0" disabled="0" skipped="0" errors="0" time="0.005" timestamp="2026-09-20T18:06:00.589">
    <testcase name="UpdatesTerritoryTroopCountWhenIncreasing" file="C:\Users\joshk\programming\risk_V1\tests\coreTests\managerTests\GameStateManagerTests.cpp" line="53" status="run" result="completed" time="0." timestamp="2026-09-20T18:06:00.589" classname="GameStateManagerTests" />
    <testcase name="UpdatesTerritoryTroopCountWhenDecreasing" file="C:\Users\joshk\programming\risk_V1\tests\coreTests\managerTests\GameStateManagerTests.cpp" line="85" status="run" result="completed" time="0." timestamp="2026-09-20T18:06:00.589" classname="GameStateManagerTests" />
    <testcase name="AddsTerritoryToPlayer" file="C:\Users\joshk\programming\risk_V1\tests\coreTests\managerTests\GameStateManagerTests.cpp" line="123" status="run" result="completed" time="0." timestamp="2026-09-20T18:06:00.589" classname="GameStateManagerTests" />
    <testcase name="RemovesTerritoryFromPlayer" file="C:\Users\joshk\programming\risk_V1\tests\coreTests\managerTests\GameStateManagerTests.cpp" line="155" status="run" result="completed" time="0." timestamp="2026-09-20T18:06:00.589" classname="GameStateManagerTests" />
    <testcase name="TransfersTerritoryBetweenPlayers" file="C:\Users\joshk\programming\risk_V1\tests\coreTests\managerTests\GameStateManagerTests.cpp" line="195" status="run" result="completed" time="0." timestamp="2026-09-20T18:06:00.593" classname="GameStateManagerTests" />
    <testcase name="TerritoryTransferGrantsContinentOwnership" file="C:\Users\joshk\programming\risk_V1\tests\coreTests\managerTests\GameStateManagerTests.cpp" line="294" status="run" result="completed" time="0." timestamp="2026-09-20T18:06:00.593" classname="GameStateManagerTests" />
    <testcase name="TerritoryTransferRemovesContinentOwnership" file="C:\Users\joshk\programming\risk_V1\tests\coreTests\managerTests\GameStateManagerTests.cpp" line="370" status="run" result="completed" time="0." timestamp="2026-09-20T18:06:00.593" classname="GameStateManagerTests" />
    <testcase name="ReturnsContinentWhenPlayerOwnsAllTerritories" file="C:\Users\joshk\programming\risk_V1\tests\coreTests\managerTests\GameStateManagerTests.cpp" line="456" status="run" result="completed" time="0." timestamp="2026-09-20T18:06:00.593" classname="GameStateManagerTests" />
    <testcase name="ReturnsNoneWhenPlayerDoesNotOwnAllTerritories" file="C:\Users\joshk\programming\risk_V1\tests\coreTests\managerTests\GameStateManagerTests.cpp" line="512" status="run" result="completed" time="0." timestamp="2026-09-20T18:06:00.593" classname="GameStateManagerTests" />
    <testcase name="TransfersContinentBetweenPlayers" file="C:\Users\joshk\programming\risk_V1\tests\coreTests\managerTests\GameStateManagerTests.cpp" line="573" status="run" result="completed" time="0." timestamp="2026-09-20T18:06:00.593" classname="GameStateManagerTests" />
    <testcase name="AddsContinentToPlayer" file="C:\Users\joshk\programming\risk_V1\tests\coreTests\managerTests\GameStateManagerTests.cpp" line="632" status="run" result="completed" time="0." timestamp="2026-09-20T18:06:00.594" classname="GameStateManagerTests" />
    <testcase name="RemovesContinentFromPlayer" file="C:\Users\joshk\programming\risk_V1\tests\coreTests\managerTests\GameStateManagerTests.cpp" line="658" status="run" result="completed" time="0." timestamp="2026-09-20T18:06:00.594" classname="GameStateManagerTests" />
    <testcase name="UpdatesPlayerTroopCountWhenIncreasing" file="C:\Users\joshk\programming\risk_V1\tests\coreTests\managerTests\GameStateManagerTests.cpp" line="692" status="run" result="completed" time="0." timestamp="2026-09-20T18:06:00.594" classname="GameStateManagerTests" />
    <testcase name="UpdatesPlayerTroopCountWhenDecreasing" file="C:\Users\joshk\programming\risk_V1\tests\coreTests\managerTests\GameStateManagerTests.cpp" line="715" status="run" result="completed" time="0." timestamp="2026-09-20T18:06:00.594" classname="GameStateManagerTests" />
    <testcase name="UpdatesPlayerSet" file="C:\Users\joshk\programming\risk_V1\tests\coreTests\managerTests\GameStateManagerTests.cpp" line="744" status="run" result="completed" time="0." timestamp="2026-09-20T18:06:00.594" classname="GameStateManagerTests" />
  </testsuite>
  <testsuite name="AttackManagerTests" tests="25" failures="0" disabled="0" skipped="0" errors="0" time="0.486" timestamp="2026-09-20T18:06:00.594">
    <testcase name="ConstructorCreatesEmptyManager" file="C:\Users\joshk\programming\risk_V1\tests\coreTests\managerTests\AttackManagerTests.cpp" line="141" status="run" result="completed" time="0." timestamp="2026-09-20T18:06:00.594" classname="AttackManagerTests" />
    <testcase name="CreateAttackCreatesPendingAttackOrder" file="C:\Users\joshk\programming\risk_V1\tests\coreTests\managerTests\AttackManagerTests.cpp" line="156" status="run" result="completed" time="0." timestamp="2026-09-20T18:06:00.594" classname="AttackManagerTests" />
    <testcase name="CreatedAttackContainsCorrectValues" file="C:\Users\joshk\programming\risk_V1\tests\coreTests\managerTests\AttackManagerTests.cpp" line="172" status="run" result="completed" time="0." timestamp="2026-09-20T18:06:00.595" classname="AttackManagerTests" />
    <testcase name="CreateRollDiceOrderCreatesRollDiceOrder" file="C:\Users\joshk\programming\risk_V1\tests\coreTests\managerTests\AttackManagerTests.cpp" line="212" status="run" result="completed" time="0." timestamp="2026-09-20T18:06:00.595" classname="AttackManagerTests" />
    <testcase name="MultipleCompletedAttacksRemainInCreationOrder" file="C:\Users\joshk\programming\risk_V1\tests\coreTests\managerTests\AttackManagerTests.cpp" line="243" status="run" result="completed" time="0." timestamp="2026-09-20T18:06:00.595" classname="AttackManagerTests" />
    <testcase name="UndoAttackRemovesLatestPendingAttack" file="C:\Users\joshk\programming\risk_V1\tests\coreTests\managerTests\AttackManagerTests.cpp" line="302" status="run" result="completed" time="0." timestamp="2026-09-20T18:06:00.596" classname="AttackManagerTests" />
    <testcase name="UndoAttackLeavesEarlierOrdersIntact" file="C:\Users\joshk\programming\risk_V1\tests\coreTests\managerTests\AttackManagerTests.cpp" line="316" status="run" result="completed" time="0." timestamp="2026-09-20T18:06:00.596" classname="AttackManagerTests" />
    <testcase name="UndoRollDiceOrderRemovesLatestRollDiceOrder" file="C:\Users\joshk\programming\risk_V1\tests\coreTests\managerTests\AttackManagerTests.cpp" line="358" status="run" result="completed" time="0." timestamp="2026-09-20T18:06:00.596" classname="AttackManagerTests" />
    <testcase name="UndoMoveTroopsOrderRemovesLatestMoveTroopsOrder" file="C:\Users\joshk\programming\risk_V1\tests\coreTests\managerTests\AttackManagerTests.cpp" line="377" status="run" result="completed" time="0." timestamp="2026-09-20T18:06:00.597" classname="AttackManagerTests" />
    <testcase name="AttackOrderBecomesCompletedAfterExecution" file="C:\Users\joshk\programming\risk_V1\tests\coreTests\managerTests\AttackManagerTests.cpp" line="400" status="run" result="completed" time="0." timestamp="2026-09-20T18:06:00.597" classname="AttackManagerTests" />
    <testcase name="AttackResultMatchesStoredDice" file="C:\Users\joshk\programming\risk_V1\tests\coreTests\managerTests\AttackManagerTests.cpp" line="419" status="run" result="completed" time="0." timestamp="2026-09-20T18:06:00.597" classname="AttackManagerTests" />
    <testcase name="DefenderWinsTiedDiceComparison" file="C:\Users\joshk\programming\risk_V1\tests\coreTests\managerTests\AttackManagerTests.cpp" line="475" status="run" result="completed" time="0." timestamp="2026-09-20T18:06:00.597" classname="AttackManagerTests" />
    <testcase name="AttackerLossesAreRemovedFromAttackingTerritory" file="C:\Users\joshk\programming\risk_V1\tests\coreTests\managerTests\AttackManagerTests.cpp" line="508" status="run" result="completed" time="0." timestamp="2026-09-20T18:06:00.597" classname="AttackManagerTests" />
    <testcase name="DefenderLossesAreRemovedFromDefendingTerritory" file="C:\Users\joshk\programming\risk_V1\tests\coreTests\managerTests\AttackManagerTests.cpp" line="530" status="run" result="completed" time="0." timestamp="2026-09-20T18:06:00.597" classname="AttackManagerTests" />
    <testcase name="DefenderTerritoryIsCapturedWhenTroopsReachZero" file="C:\Users\joshk\programming\risk_V1\tests\coreTests\managerTests\AttackManagerTests.cpp" line="556" status="run" result="completed" time="0." timestamp="2026-09-20T18:06:00.597" classname="AttackManagerTests" />
    <testcase name="CaptureTransfersTerritoryOwnerThroughGameStateManager" file="C:\Users\joshk\programming\risk_V1\tests\coreTests\managerTests\AttackManagerTests.cpp" line="594" status="run" result="completed" time="0." timestamp="2026-09-20T18:06:01.079" classname="AttackManagerTests" />
    <testcase name="GetLastAttackOrderReturnsNewestAttack" file="C:\Users\joshk\programming\risk_V1\tests\coreTests\managerTests\AttackManagerTests.cpp" line="644" status="run" result="completed" time="0." timestamp="2026-09-20T18:06:01.079" classname="AttackManagerTests" />
    <testcase name="GetLastRollDiceOrderReturnsNewestRoll" file="C:\Users\joshk\programming\risk_V1\tests\coreTests\managerTests\AttackManagerTests.cpp" line="668" status="run" result="completed" time="0." timestamp="2026-09-20T18:06:01.079" classname="AttackManagerTests" />
    <testcase name="GetLastMoveTroopsOrderReturnsNewestMove" file="C:\Users\joshk\programming\risk_V1\tests\coreTests\managerTests\AttackManagerTests.cpp" line="711" status="run" result="completed" time="0." timestamp="2026-09-20T18:06:01.079" classname="AttackManagerTests" />
    <testcase name="CreateMoveTroopsOrderCreatesMoveTroopsOrder" file="C:\Users\joshk\programming\risk_V1\tests\coreTests\managerTests\AttackManagerTests.cpp" line="748" status="run" result="completed" time="0." timestamp="2026-09-20T18:06:01.079" classname="AttackManagerTests" />
    <testcase name="CreatingMoveTroopsOrderDoesNotMoveTroops" file="C:\Users\joshk\programming\risk_V1\tests\coreTests\managerTests\AttackManagerTests.cpp" line="793" status="run" result="completed" time="0." timestamp="2026-09-20T18:06:01.079" classname="AttackManagerTests" />
    <testcase name="ExecuteMoveTroopsOrderRemovesTroopsFromSource" file="C:\Users\joshk\programming\risk_V1\tests\coreTests\managerTests\AttackManagerTests.cpp" line="819" status="run" result="completed" time="0." timestamp="2026-09-20T18:06:01.080" classname="AttackManagerTests" />
    <testcase name="ExecuteMoveTroopsOrderAddsTroopsToDestination" file="C:\Users\joshk\programming\risk_V1\tests\coreTests\managerTests\AttackManagerTests.cpp" line="841" status="run" result="completed" time="0." timestamp="2026-09-20T18:06:01.080" classname="AttackManagerTests" />
    <testcase name="MoveTroopsDoesNotChangePlayerTotalTroopCount" file="C:\Users\joshk\programming\risk_V1\tests\coreTests\managerTests\AttackManagerTests.cpp" line="863" status="run" result="completed" time="0." timestamp="2026-09-20T18:06:01.080" classname="AttackManagerTests" />
    <testcase name="VectorGettersReturnCompleteOrderHistories" file="C:\Users\joshk\programming\risk_V1\tests\coreTests\managerTests\AttackManagerTests.cpp" line="892" status="run" result="completed" time="0." timestamp="2026-09-20T18:06:01.080" classname="AttackManagerTests" />
  </testsuite>
  <testsuite name="TroopManagerTests" tests="23" failures="0" disabled="0" skipped="0" errors="0" time="0.004" timestamp="2026-09-20T18:06:01.081">
    <testcase name="StartsWithEmptyOrderHistories" file="C:\Users\joshk\programming\risk_V1\tests\coreTests\managerTests\TroopManagerTests.cpp" line="24" status="run" result="completed" time="0." timestamp="2026-09-20T18:06:01.081" classname="TroopManagerTests" />
    <testcase name="CreatesReinforceOrder" file="C:\Users\joshk\programming\risk_V1\tests\coreTests\managerTests\TroopManagerTests.cpp" line="57" status="run" result="completed" time="0." timestamp="2026-09-20T18:06:01.081" classname="TroopManagerTests" />
    <testcase name="ExecuteReinforceOrderAddsTroopsToTerritory" file="C:\Users\joshk\programming\risk_V1\tests\coreTests\managerTests\TroopManagerTests.cpp" line="106" status="run" result="completed" time="0." timestamp="2026-09-20T18:06:01.081" classname="TroopManagerTests" />
    <testcase name="ExecuteReinforceOrderMarksOrderCompleted" file="C:\Users\joshk\programming\risk_V1\tests\coreTests\managerTests\TroopManagerTests.cpp" line="148" status="run" result="completed" time="0." timestamp="2026-09-20T18:06:01.082" classname="TroopManagerTests" />
    <testcase name="UndoReinforceOrderRemovesLatestPendingOrder" file="C:\Users\joshk\programming\risk_V1\tests\coreTests\managerTests\TroopManagerTests.cpp" line="191" status="run" result="completed" time="0." timestamp="2026-09-20T18:06:01.082" classname="TroopManagerTests" />
    <testcase name="UndoReinforceOrderLeavesEarlierOrdersIntact" file="C:\Users\joshk\programming\risk_V1\tests\coreTests\managerTests\TroopManagerTests.cpp" line="220" status="run" result="completed" time="0." timestamp="2026-09-20T18:06:01.082" classname="TroopManagerTests" />
    <testcase name="CreatesFortifyOrder" file="C:\Users\joshk\programming\risk_V1\tests\coreTests\managerTests\TroopManagerTests.cpp" line="267" status="run" result="completed" time="0." timestamp="2026-09-20T18:06:01.082" classname="TroopManagerTests" />
    <testcase name="ExecuteFortifyOrderMovesTroopsBetweenTerritories" file="C:\Users\joshk\programming\risk_V1\tests\coreTests\managerTests\TroopManagerTests.cpp" line="322" status="run" result="completed" time="0." timestamp="2026-09-20T18:06:01.082" classname="TroopManagerTests" />
    <testcase name="ExecuteFortifyOrderDoesNotChangeCombinedTroopCount" file="C:\Users\joshk\programming\risk_V1\tests\coreTests\managerTests\TroopManagerTests.cpp" line="380" status="run" result="completed" time="0." timestamp="2026-09-20T18:06:01.082" classname="TroopManagerTests" />
    <testcase name="ExecuteFortifyOrderMarksOrderCompleted" file="C:\Users\joshk\programming\risk_V1\tests\coreTests\managerTests\TroopManagerTests.cpp" line="447" status="run" result="completed" time="0." timestamp="2026-09-20T18:06:01.083" classname="TroopManagerTests" />
    <testcase name="UndoFortifyOrderRemovesLatestPendingOrder" file="C:\Users\joshk\programming\risk_V1\tests\coreTests\managerTests\TroopManagerTests.cpp" line="500" status="run" result="completed" time="0." timestamp="2026-09-20T18:06:01.083" classname="TroopManagerTests" />
    <testcase name="CreatesCashSetOrder" file="C:\Users\joshk\programming\risk_V1\tests\coreTests\managerTests\TroopManagerTests.cpp" line="534" status="run" result="completed" time="0." timestamp="2026-09-20T18:06:01.083" classname="TroopManagerTests" />
    <testcase name="ExecuteCashSetOrderRemovesCashedCardsFromPlayer" file="C:\Users\joshk\programming\risk_V1\tests\coreTests\managerTests\TroopManagerTests.cpp" line="597" status="run" result="completed" time="0." timestamp="2026-09-20T18:06:01.083" classname="TroopManagerTests" />
    <testcase name="ExecuteCashSetOrderReturnsSetValue" file="C:\Users\joshk\programming\risk_V1\tests\coreTests\managerTests\TroopManagerTests.cpp" line="674" status="run" result="completed" time="0." timestamp="2026-09-20T18:06:01.083" classname="TroopManagerTests" />
    <testcase name="ExecuteCashSetOrderMarksOrderCompleted" file="C:\Users\joshk\programming\risk_V1\tests\coreTests\managerTests\TroopManagerTests.cpp" line="731" status="run" result="completed" time="0." timestamp="2026-09-20T18:06:01.083" classname="TroopManagerTests" />
    <testcase name="UndoCashSetOrderRemovesLatestPendingOrder" file="C:\Users\joshk\programming\risk_V1\tests\coreTests\managerTests\TroopManagerTests.cpp" line="787" status="run" result="completed" time="0." timestamp="2026-09-20T18:06:01.083" classname="TroopManagerTests" />
    <testcase name="OrderGettersReturnCompleteHistories" file="C:\Users\joshk\programming\risk_V1\tests\coreTests\managerTests\TroopManagerTests.cpp" line="827" status="run" result="completed" time="0." timestamp="2026-09-20T18:06:01.084" classname="TroopManagerTests" />
    <testcase name="GetReinforceOrdersReturnsCompleteHistory" file="C:\Users\joshk\programming\risk_V1\tests\coreTests\managerTests\TroopManagerTests.cpp" line="895" status="run" result="completed" time="0." timestamp="2026-09-20T18:06:01.085" classname="TroopManagerTests" />
    <testcase name="GetFortifyOrdersReturnsCompleteHistory" file="C:\Users\joshk\programming\risk_V1\tests\coreTests\managerTests\TroopManagerTests.cpp" line="942" status="run" result="completed" time="0." timestamp="2026-09-20T18:06:01.085" classname="TroopManagerTests" />
    <testcase name="GetCashSetOrdersReturnsCompleteHistory" file="C:\Users\joshk\programming\risk_V1\tests\coreTests\managerTests\TroopManagerTests.cpp" line="991" status="run" result="completed" time="0." timestamp="2026-09-20T18:06:01.085" classname="TroopManagerTests" />
    <testcase name="GetLastReinforceOrderReturnsNewestOrder" file="C:\Users\joshk\programming\risk_V1\tests\coreTests\managerTests\TroopManagerTests.cpp" line="1052" status="run" result="completed" time="0." timestamp="2026-09-20T18:06:01.085" classname="TroopManagerTests" />
    <testcase name="GetLastFortifyOrderReturnsNewestOrder" file="C:\Users\joshk\programming\risk_V1\tests\coreTests\managerTests\TroopManagerTests.cpp" line="1094" status="run" result="completed" time="0." timestamp="2026-09-20T18:06:01.085" classname="TroopManagerTests" />
    <testcase name="GetLastCashSetOrderReturnsNewestOrder" file="C:\Users\joshk\programming\risk_V1\tests\coreTests\managerTests\TroopManagerTests.cpp" line="1143" status="run" result="completed" time="0." timestamp="2026-09-20T18:06:01.085" classname="TroopManagerTests" />
  </testsuite>
  <testsuite name="GameInitializerTests" tests="9" failures="0" disabled="0" skipped="0" errors="0" time="0.037" timestamp="2026-09-20T18:06:01.087">
    <testcase name="UpdatePlayerChangesName" file="C:\Users\joshk\programming\risk_V1\tests\coreTests\sessionTests\GameInitializerTests.cpp" line="24" status="run" result="completed" time="0." timestamp="2026-09-20T18:06:01.087" classname="GameInitializerTests" />
    <testcase name="InitializeGameCreatesCorrectPlayerCount" file="C:\Users\joshk\programming\risk_V1\tests\coreTests\sessionTests\GameInitializerTests.cpp" line="48" status="run" result="completed" time="0.005" timestamp="2026-09-20T18:06:01.087" classname="GameInitializerTests" />
    <testcase name="InitializeGameLoadsAllTerritories" file="C:\Users\joshk\programming\risk_V1\tests\coreTests\sessionTests\GameInitializerTests.cpp" line="68" status="run" result="completed" time="0.004" timestamp="2026-09-20T18:06:01.092" classname="GameInitializerTests" />
    <testcase name="DealDeckDealsAllTerritories" file="C:\Users\joshk\programming\risk_V1\tests\coreTests\sessionTests\GameInitializerTests.cpp" line="92" status="run" result="completed" time="0.004" timestamp="2026-09-20T18:06:01.097" classname="GameInitializerTests" />
    <testcase name="DealDeckDealsTerritoriesEvenlyBetweenTwoPlayers" file="C:\Users\joshk\programming\risk_V1\tests\coreTests\sessionTests\GameInitializerTests.cpp" line="132" status="run" result="completed" time="0.005" timestamp="2026-09-20T18:06:01.101" classname="GameInitializerTests" />
    <testcase name="DealDeckPlacesOneTroopOnEachTerritory" file="C:\Users\joshk\programming\risk_V1\tests\coreTests\sessionTests\GameInitializerTests.cpp" line="174" status="run" result="completed" time="0.004" timestamp="2026-09-20T18:06:01.106" classname="GameInitializerTests" />
    <testcase name="DealDeckUpdatesPlayerTroopCounts" file="C:\Users\joshk\programming\risk_V1\tests\coreTests\sessionTests\GameInitializerTests.cpp" line="213" status="run" result="completed" time="0.004" timestamp="2026-09-20T18:06:01.111" classname="GameInitializerTests" />
    <testcase name="DealDeckSynchronizesTerritoryOwnership" file="C:\Users\joshk\programming\risk_V1\tests\coreTests\sessionTests\GameInitializerTests.cpp" line="255" status="run" result="completed" time="0.004" timestamp="2026-09-20T18:06:01.116" classname="GameInitializerTests" />
    <testcase name="DealDeckEveryTerritoryHasValidOwner" file="C:\Users\joshk\programming\risk_V1\tests\coreTests\sessionTests\GameInitializerTests.cpp" line="296" status="run" result="completed" time="0.004" timestamp="2026-09-20T18:06:01.120" classname="GameInitializerTests" />
  </testsuite>
  <testsuite name="ValidationTests" tests="35" failures="0" disabled="0" skipped="0" errors="0" time="0.002" timestamp="2026-09-20T18:06:01.124">
    <testcase name="TerritorySelectionReturnsTrueWhenTerritoryIsOwned" file="C:\Users\joshk\programming\risk_V1\tests\coreTests\validationTests\ValidationTests.cpp" line="26" status="run" result="completed" time="0." timestamp="2026-09-20T18:06:01.124" classname="ValidationTests" />
    <testcase name="TerritorySelectionReturnsFalseWhenTerritoryIsNotOwned" file="C:\Users\joshk\programming\risk_V1\tests\coreTests\validationTests\ValidationTests.cpp" line="42" status="run" result="completed" time="0." timestamp="2026-09-20T18:06:01.124" classname="ValidationTests" />
    <testcase name="TerritorySelectionReturnsFalseWhenOwnedTerritoriesIsEmpty" file="C:\Users\joshk\programming\risk_V1\tests\coreTests\validationTests\ValidationTests.cpp" line="58" status="run" result="completed" time="0." timestamp="2026-09-20T18:06:01.124" classname="ValidationTests" />
    <testcase name="TerritorySelectionFindsTerritoryLaterInVector" file="C:\Users\joshk\programming\risk_V1\tests\coreTests\validationTests\ValidationTests.cpp" line="70" status="run" result="completed" time="0." timestamp="2026-09-20T18:06:01.124" classname="ValidationTests" />
    <testcase name="AttackInputReturnsTrueWhenTargetIsAdjacentAndEnoughTroops" file="C:\Users\joshk\programming\risk_V1\tests\coreTests\validationTests\ValidationTests.cpp" line="90" status="run" result="completed" time="0." timestamp="2026-09-20T18:06:01.124" classname="ValidationTests" />
    <testcase name="AttackInputReturnsTrueWithMinimumTwoTroops" file="C:\Users\joshk\programming\risk_V1\tests\coreTests\validationTests\ValidationTests.cpp" line="106" status="run" result="completed" time="0." timestamp="2026-09-20T18:06:01.124" classname="ValidationTests" />
    <testcase name="AttackInputReturnsFalseWhenOnlyOneTroopAvailable" file="C:\Users\joshk\programming\risk_V1\tests\coreTests\validationTests\ValidationTests.cpp" line="121" status="run" result="completed" time="0." timestamp="2026-09-20T18:06:01.124" classname="ValidationTests" />
    <testcase name="AttackInputReturnsFalseWhenTargetIsNotAdjacent" file="C:\Users\joshk\programming\risk_V1\tests\coreTests\validationTests\ValidationTests.cpp" line="136" status="run" result="completed" time="0." timestamp="2026-09-20T18:06:01.125" classname="ValidationTests" />
    <testcase name="AttackInputReturnsFalseWhenAdjacentTerritoriesIsEmpty" file="C:\Users\joshk\programming\risk_V1\tests\coreTests\validationTests\ValidationTests.cpp" line="152" status="run" result="completed" time="0." timestamp="2026-09-20T18:06:01.125" classname="ValidationTests" />
    <testcase name="AttackInputFindsTargetLaterInAdjacentVector" file="C:\Users\joshk\programming\risk_V1\tests\coreTests\validationTests\ValidationTests.cpp" line="165" status="run" result="completed" time="0." timestamp="2026-09-20T18:06:01.125" classname="ValidationTests" />
    <testcase name="DiceInputAllowsOneDieWithTwoTroops" file="C:\Users\joshk\programming\risk_V1\tests\coreTests\validationTests\ValidationTests.cpp" line="186" status="run" result="completed" time="0." timestamp="2026-09-20T18:06:01.125" classname="ValidationTests" />
    <testcase name="DiceInputAllowsTwoDiceWithThreeTroops" file="C:\Users\joshk\programming\risk_V1\tests\coreTests\validationTests\ValidationTests.cpp" line="196" status="run" result="completed" time="0." timestamp="2026-09-20T18:06:01.125" classname="ValidationTests" />
    <testcase name="DiceInputAllowsThreeDiceWithFourTroops" file="C:\Users\joshk\programming\risk_V1\tests\coreTests\validationTests\ValidationTests.cpp" line="206" status="run" result="completed" time="0." timestamp="2026-09-20T18:06:01.125" classname="ValidationTests" />
    <testcase name="DiceInputReturnsFalseWhenTooManyDiceForTroops" file="C:\Users\joshk\programming\risk_V1\tests\coreTests\validationTests\ValidationTests.cpp" line="216" status="run" result="completed" time="0." timestamp="2026-09-20T18:06:01.125" classname="ValidationTests" />
    <testcase name="DiceInputReturnsFalseForZeroDice" file="C:\Users\joshk\programming\risk_V1\tests\coreTests\validationTests\ValidationTests.cpp" line="226" status="run" result="completed" time="0." timestamp="2026-09-20T18:06:01.125" classname="ValidationTests" />
    <testcase name="DiceInputReturnsFalseForNegativeDice" file="C:\Users\joshk\programming\risk_V1\tests\coreTests\validationTests\ValidationTests.cpp" line="236" status="run" result="completed" time="0." timestamp="2026-09-20T18:06:01.125" classname="ValidationTests" />
    <testcase name="DiceInputReturnsFalseForMoreThanThreeDice" file="C:\Users\joshk\programming\risk_V1\tests\coreTests\validationTests\ValidationTests.cpp" line="246" status="run" result="completed" time="0." timestamp="2026-09-20T18:06:01.125" classname="ValidationTests" />
    <testcase name="ReinforceInputReturnsTrueWhenReinforcingWithinTroopPool" file="C:\Users\joshk\programming\risk_V1\tests\coreTests\validationTests\ValidationTests.cpp" line="260" status="run" result="completed" time="0." timestamp="2026-09-20T18:06:01.125" classname="ValidationTests" />
    <testcase name="ReinforceInputReturnsTrueWhenUsingEntireTroopPool" file="C:\Users\joshk\programming\risk_V1\tests\coreTests\validationTests\ValidationTests.cpp" line="270" status="run" result="completed" time="0." timestamp="2026-09-20T18:06:01.125" classname="ValidationTests" />
    <testcase name="ReinforceInputReturnsFalseWhenExceedingTroopPool" file="C:\Users\joshk\programming\risk_V1\tests\coreTests\validationTests\ValidationTests.cpp" line="280" status="run" result="completed" time="0." timestamp="2026-09-20T18:06:01.125" classname="ValidationTests" />
    <testcase name="ReinforceInputReturnsFalseForZeroTroops" file="C:\Users\joshk\programming\risk_V1\tests\coreTests\validationTests\ValidationTests.cpp" line="290" status="run" result="completed" time="0." timestamp="2026-09-20T18:06:01.125" classname="ValidationTests" />
    <testcase name="ReinforceInputReturnsFalseForNegativeTroops" file="C:\Users\joshk\programming\risk_V1\tests\coreTests\validationTests\ValidationTests.cpp" line="300" status="run" result="completed" time="0." timestamp="2026-09-20T18:06:01.125" classname="ValidationTests" />
    <testcase name="SetReturnsTrueForThreeInfantryCards" file="C:\Users\joshk\programming\risk_V1\tests\coreTests\validationTests\ValidationTests.cpp" line="313" status="run" result="completed" time="0." timestamp="2026-09-20T18:06:01.125" classname="ValidationTests" />
    <testcase name="SetReturnsTrueForThreeCavalryCards" file="C:\Users\joshk\programming\risk_V1\tests\coreTests\validationTests\ValidationTests.cpp" line="326" status="run" result="completed" time="0." timestamp="2026-09-20T18:06:01.125" classname="ValidationTests" />
    <testcase name="SetReturnsTrueForThreeArtilleryCards" file="C:\Users\joshk\programming\risk_V1\tests\coreTests\validationTests\ValidationTests.cpp" line="339" status="run" result="completed" time="0." timestamp="2026-09-20T18:06:01.125" classname="ValidationTests" />
    <testcase name="SetReturnsTrueForMixedSet" file="C:\Users\joshk\programming\risk_V1\tests\coreTests\validationTests\ValidationTests.cpp" line="352" status="run" result="completed" time="0." timestamp="2026-09-20T18:06:01.125" classname="ValidationTests" />
    <testcase name="SetReturnsTrueWhenSetContainsWild" file="C:\Users\joshk\programming\risk_V1\tests\coreTests\validationTests\ValidationTests.cpp" line="365" status="run" result="completed" time="0." timestamp="2026-09-20T18:06:01.125" classname="ValidationTests" />
    <testcase name="SetReturnsFalseForInvalidCombination" file="C:\Users\joshk\programming\risk_V1\tests\coreTests\validationTests\ValidationTests.cpp" line="378" status="run" result="completed" time="0." timestamp="2026-09-20T18:06:01.125" classname="ValidationTests" />
    <testcase name="SetReturnsFalseWithFewerThanThreeCards" file="C:\Users\joshk\programming\risk_V1\tests\coreTests\validationTests\ValidationTests.cpp" line="391" status="run" result="completed" time="0." timestamp="2026-09-20T18:06:01.125" classname="ValidationTests" />
    <testcase name="SetReturnsFalseWithMoreThanThreeCards" file="C:\Users\joshk\programming\risk_V1\tests\coreTests\validationTests\ValidationTests.cpp" line="403" status="run" result="completed" time="0." timestamp="2026-09-20T18:06:01.125" classname="ValidationTests" />
    <testcase name="FortifyReturnsTrueForDirectOwnedConnection" file="C:\Users\joshk\programming\risk_V1\tests\coreTests\validationTests\ValidationTests.cpp" line="420" status="run" result="completed" time="0." timestamp="2026-09-20T18:06:01.125" classname="ValidationTests" />
    <testcase name="FortifyReturnsTrueForIndirectOwnedPath" file="C:\Users\joshk\programming\risk_V1\tests\coreTests\validationTests\ValidationTests.cpp" line="456" status="run" result="completed" time="0." timestamp="2026-09-20T18:06:01.125" classname="ValidationTests" />
    <testcase name="FortifyReturnsFalseWhenEnemyTerritoryBlocksPath" file="C:\Users\joshk\programming\risk_V1\tests\coreTests\validationTests\ValidationTests.cpp" line="503" status="run" result="completed" time="0." timestamp="2026-09-20T18:06:01.125" classname="ValidationTests" />
    <testcase name="FortifyReturnsFalseWhenDestinationIsEnemyOwned" file="C:\Users\joshk\programming\risk_V1\tests\coreTests\validationTests\ValidationTests.cpp" line="550" status="run" result="completed" time="0." timestamp="2026-09-20T18:06:01.125" classname="ValidationTests" />
    <testcase name="FortifyReturnsFalseWhenNoPathExists" file="C:\Users\joshk\programming\risk_V1\tests\coreTests\validationTests\ValidationTests.cpp" line="586" status="run" result="completed" time="0." timestamp="2026-09-20T18:06:01.126" classname="ValidationTests" />
  </testsuite>
</testsuites>
